<?xml version="1.0" encoding="UTF-8"?>
<testng-results skipped="0" failed="0" ignored="0" total="2" passed="2">
  <reporter-output>
  </reporter-output>
  <suite name="Suite" duration-ms="82858" started-at="2020-03-07T01:45:47Z" finished-at="2020-03-07T01:47:10Z">
    <groups>
    </groups>
    <test name="Test" duration-ms="82858" started-at="2020-03-07T01:45:47Z" finished-at="2020-03-07T01:47:10Z">
      <class name="youtube.com.test.home.Home_TestSuite_Testng">
        <test-method status="PASS" signature="BeforeTest()[pri:0, instance:youtube.com.test.home.Home_TestSuite_Testng@5bd03f44]" name="BeforeTest" is-config="true" duration-ms="167" started-at="2020-03-07T01:45:47Z" finished-at="2020-03-07T01:45:48Z">
          <reporter-output>
          </reporter-output>
        </test-method> <!-- BeforeTest -->
        <test-method status="PASS" signature="HomeTest1()[pri:0, instance:youtube.com.test.home.Home_TestSuite_Testng@5bd03f44]" name="HomeTest1" duration-ms="40225" started-at="2020-03-07T01:45:48Z" finished-at="2020-03-07T01:46:28Z">
          <reporter-output>
          </reporter-output>
        </test-method> <!-- HomeTest1 -->
        <test-method status="PASS" signature="HomeTest2()[pri:0, instance:youtube.com.test.home.Home_TestSuite_Testng@5bd03f44]" name="HomeTest2" duration-ms="42166" started-at="2020-03-07T01:46:28Z" finished-at="2020-03-07T01:47:10Z">
          <reporter-output>
          </reporter-output>
        </test-method> <!-- HomeTest2 -->
        <test-method status="PASS" signature="AfterTest()[pri:0, instance:youtube.com.test.home.Home_TestSuite_Testng@5bd03f44]" name="AfterTest" is-config="true" duration-ms="279" started-at="2020-03-07T01:47:10Z" finished-at="2020-03-07T01:47:10Z">
          <reporter-output>
          </reporter-output>
        </test-method> <!-- AfterTest -->
      </class> <!-- youtube.com.test.home.Home_TestSuite_Testng -->
    </test> <!-- Test -->
  </suite> <!-- Suite -->
</testng-results>
