<?xml version="1.0" encoding="UTF-8"?>
<testng-results skipped="0" failed="0" ignored="0" total="1" passed="1">
  <reporter-output>
  </reporter-output>
  <suite name="Default suite" duration-ms="209716" started-at="2020-03-10T20:53:52Z" finished-at="2020-03-10T20:57:22Z">
    <groups>
    </groups>
    <test name="Default test" duration-ms="209716" started-at="2020-03-10T20:53:52Z" finished-at="2020-03-10T20:57:22Z">
      <class name="youtube.com.test.general.Regression_Testng">
        <test-method status="PASS" signature="BeforeClass()[pri:0, instance:youtube.com.test.general.Regression_Testng@23fe1d71]" name="BeforeClass" is-config="true" duration-ms="297" started-at="2020-03-10T20:53:52Z" finished-at="2020-03-10T20:53:53Z">
          <reporter-output>
          </reporter-output>
        </test-method> <!-- BeforeClass -->
        <test-method status="PASS" signature="RegressionTest()[pri:0, instance:youtube.com.test.general.Regression_Testng@23fe1d71]" name="RegressionTest" duration-ms="208982" started-at="2020-03-10T20:53:53Z" finished-at="2020-03-10T20:57:22Z">
          <reporter-output>
          </reporter-output>
        </test-method> <!-- RegressionTest -->
        <test-method status="PASS" signature="AfterClass()[pri:0, instance:youtube.com.test.general.Regression_Testng@23fe1d71]" name="AfterClass" is-config="true" duration-ms="406" started-at="2020-03-10T20:57:22Z" finished-at="2020-03-10T20:57:22Z">
          <reporter-output>
          </reporter-output>
        </test-method> <!-- AfterClass -->
      </class> <!-- youtube.com.test.general.Regression_Testng -->
    </test> <!-- Default test -->
  </suite> <!-- Default suite -->
</testng-results>
